0 info it worked if it ends with ok
1 verbose cli [ 'node', '/usr/local/bin/npm', 'install' ]
2 info using npm@1.2.18
3 info using node@v0.10.5
4 verbose read json /java/projects/Prototypes/KRAD/plugins/tablesaw-master/package.json
5 verbose readDependencies using package.json deps
6 verbose install where, deps [ '/java/projects/Prototypes/KRAD/plugins/tablesaw-master',
6 verbose install   [ 'jquery',
6 verbose install     'grunt-cli',
6 verbose install     'grunt-contrib-jshint',
6 verbose install     'grunt-contrib-qunit',
6 verbose install     'grunt-contrib-concat',
6 verbose install     'grunt-contrib-watch',
6 verbose install     'grunt-contrib-clean',
6 verbose install     'grunt-grunticon',
6 verbose install     'grunt',
6 verbose install     'matchdep',
6 verbose install     'grunt-bytesize',
6 verbose install     'grunt-gh-pages',
6 verbose install     'bower',
6 verbose install     'grunt-myth' ] ]
7 verbose from cache /java/projects/Prototypes/KRAD/plugins/tablesaw-master/package.json
8 info preinstall tablesaw@0.1.7
9 verbose read json /java/projects/Prototypes/KRAD/plugins/tablesaw-master/node_modules/bower/package.json
10 verbose read json /java/projects/Prototypes/KRAD/plugins/tablesaw-master/node_modules/grunt/package.json
11 verbose read json /java/projects/Prototypes/KRAD/plugins/tablesaw-master/node_modules/grunt-bytesize/package.json
12 verbose read json /java/projects/Prototypes/KRAD/plugins/tablesaw-master/node_modules/grunt-cli/package.json
13 verbose read json /java/projects/Prototypes/KRAD/plugins/tablesaw-master/node_modules/grunt-contrib-clean/package.json
14 verbose read json /java/projects/Prototypes/KRAD/plugins/tablesaw-master/node_modules/grunt-contrib-concat/package.json
15 verbose read json /java/projects/Prototypes/KRAD/plugins/tablesaw-master/node_modules/grunt-contrib-jshint/package.json
16 verbose read json /java/projects/Prototypes/KRAD/plugins/tablesaw-master/node_modules/grunt-contrib-qunit/package.json
17 verbose read json /java/projects/Prototypes/KRAD/plugins/tablesaw-master/node_modules/grunt-contrib-watch/package.json
18 verbose read json /java/projects/Prototypes/KRAD/plugins/tablesaw-master/node_modules/grunt-gh-pages/package.json
19 verbose read json /java/projects/Prototypes/KRAD/plugins/tablesaw-master/node_modules/grunt-grunticon/package.json
20 verbose read json /java/projects/Prototypes/KRAD/plugins/tablesaw-master/node_modules/grunt-myth/package.json
21 verbose read json /java/projects/Prototypes/KRAD/plugins/tablesaw-master/node_modules/jquery/package.json
22 verbose read json /java/projects/Prototypes/KRAD/plugins/tablesaw-master/node_modules/matchdep/package.json
23 verbose from cache /java/projects/Prototypes/KRAD/plugins/tablesaw-master/package.json
24 verbose readDependencies using package.json deps
25 verbose from cache /java/projects/Prototypes/KRAD/plugins/tablesaw-master/node_modules/bower/package.json
26 verbose from cache /java/projects/Prototypes/KRAD/plugins/tablesaw-master/node_modules/grunt/package.json
27 verbose from cache /java/projects/Prototypes/KRAD/plugins/tablesaw-master/node_modules/grunt-bytesize/package.json
28 verbose from cache /java/projects/Prototypes/KRAD/plugins/tablesaw-master/node_modules/grunt-cli/package.json
29 verbose from cache /java/projects/Prototypes/KRAD/plugins/tablesaw-master/node_modules/grunt-contrib-clean/package.json
30 verbose from cache /java/projects/Prototypes/KRAD/plugins/tablesaw-master/node_modules/grunt-contrib-concat/package.json
31 verbose from cache /java/projects/Prototypes/KRAD/plugins/tablesaw-master/node_modules/grunt-contrib-jshint/package.json
32 verbose from cache /java/projects/Prototypes/KRAD/plugins/tablesaw-master/node_modules/grunt-contrib-qunit/package.json
33 verbose from cache /java/projects/Prototypes/KRAD/plugins/tablesaw-master/node_modules/grunt-contrib-watch/package.json
34 verbose from cache /java/projects/Prototypes/KRAD/plugins/tablesaw-master/node_modules/grunt-gh-pages/package.json
35 verbose from cache /java/projects/Prototypes/KRAD/plugins/tablesaw-master/node_modules/grunt-grunticon/package.json
36 verbose from cache /java/projects/Prototypes/KRAD/plugins/tablesaw-master/node_modules/grunt-myth/package.json
37 verbose from cache /java/projects/Prototypes/KRAD/plugins/tablesaw-master/node_modules/jquery/package.json
38 verbose from cache /java/projects/Prototypes/KRAD/plugins/tablesaw-master/node_modules/matchdep/package.json
39 verbose already installed skipping grunt-contrib-jshint@~0.6.0 /java/projects/Prototypes/KRAD/plugins/tablesaw-master
40 verbose already installed skipping grunt-contrib-qunit@~0.2.0 /java/projects/Prototypes/KRAD/plugins/tablesaw-master
41 verbose already installed skipping grunt-contrib-concat@~0.3.0 /java/projects/Prototypes/KRAD/plugins/tablesaw-master
42 verbose already installed skipping grunt-contrib-watch@~0.4.0 /java/projects/Prototypes/KRAD/plugins/tablesaw-master
43 verbose already installed skipping grunt-grunticon@1.2.5 /java/projects/Prototypes/KRAD/plugins/tablesaw-master
44 verbose already installed skipping grunt-contrib-clean@~0.5.0 /java/projects/Prototypes/KRAD/plugins/tablesaw-master
45 verbose already installed skipping grunt@~0.4.2 /java/projects/Prototypes/KRAD/plugins/tablesaw-master
46 verbose already installed skipping matchdep@~0.1.2 /java/projects/Prototypes/KRAD/plugins/tablesaw-master
47 verbose already installed skipping grunt-bytesize@~0.1.1 /java/projects/Prototypes/KRAD/plugins/tablesaw-master
48 verbose already installed skipping grunt-gh-pages@~0.9.0 /java/projects/Prototypes/KRAD/plugins/tablesaw-master
49 verbose already installed skipping bower@~1.3.8 /java/projects/Prototypes/KRAD/plugins/tablesaw-master
50 verbose already installed skipping grunt-myth@~0.1.0 /java/projects/Prototypes/KRAD/plugins/tablesaw-master
51 verbose already installed skipping grunt-cli@~0.1.13 /java/projects/Prototypes/KRAD/plugins/tablesaw-master
52 verbose already installed skipping jquery@* /java/projects/Prototypes/KRAD/plugins/tablesaw-master
53 silly resolved []
54 info build /java/projects/Prototypes/KRAD/plugins/tablesaw-master
55 verbose from cache /java/projects/Prototypes/KRAD/plugins/tablesaw-master/package.json
56 verbose linkStuff [ false, false, false, '/java/projects/Prototypes/KRAD/plugins' ]
57 info linkStuff tablesaw@0.1.7
58 verbose linkBins tablesaw@0.1.7
59 verbose linkMans tablesaw@0.1.7
60 verbose rebuildBundles tablesaw@0.1.7
61 verbose rebuildBundles [ 'bower',
61 verbose rebuildBundles   'grunt',
61 verbose rebuildBundles   'grunt-bytesize',
61 verbose rebuildBundles   'grunt-cli',
61 verbose rebuildBundles   'grunt-contrib-clean',
61 verbose rebuildBundles   'grunt-contrib-concat',
61 verbose rebuildBundles   'grunt-contrib-jshint',
61 verbose rebuildBundles   'grunt-contrib-qunit',
61 verbose rebuildBundles   'grunt-contrib-watch',
61 verbose rebuildBundles   'grunt-gh-pages',
61 verbose rebuildBundles   'grunt-grunticon',
61 verbose rebuildBundles   'grunt-myth',
61 verbose rebuildBundles   'jquery',
61 verbose rebuildBundles   'matchdep' ]
62 info install tablesaw@0.1.7
63 info postinstall tablesaw@0.1.7
64 verbose unsafe-perm in lifecycle true
65 silly exec sh "-c" "./node_modules/.bin/bower install"
66 silly sh,-c,./node_modules/.bin/bower install,/java/projects/Prototypes/KRAD/plugins/tablesaw-master spawning
67 info tablesaw@0.1.7 Failed to exec postinstall script
68 error tablesaw@0.1.7 postinstall: `./node_modules/.bin/bower install`
68 error `sh "-c" "./node_modules/.bin/bower install"` failed with 127
69 error Failed at the tablesaw@0.1.7 postinstall script.
69 error This is most likely a problem with the tablesaw package,
69 error not with npm itself.
69 error Tell the author that this fails on your system:
69 error     ./node_modules/.bin/bower install
69 error You can get their info via:
69 error     npm owner ls tablesaw
69 error There is likely additional logging output above.
70 error System Darwin 12.5.0
71 error command "node" "/usr/local/bin/npm" "install"
72 error cwd /java/projects/Prototypes/KRAD/plugins/tablesaw-master/dist
73 error node -v v0.10.5
74 error npm -v 1.2.18
75 error code ELIFECYCLE
76 verbose exit [ 1, true ]
